[2026-06-17 23:27:00] [INFO] [pipeline_orchestrator]: ==============================================================
[2026-06-17 23:27:00] [INFO] [pipeline_orchestrator]:    ICU MORTALITY PREDICTION HYBRID PIPELINE INITIALIZED      
[2026-06-17 23:27:00] [INFO] [pipeline_orchestrator]: ==============================================================
[2026-06-17 23:27:00] [INFO] [utils_infra]: Global pseudorandom states locked securely using seed footprint: 42
[2026-06-17 23:27:00] [WARNING] [utils_infra]: Reminder: Estimator-level routines require internal 'random_state' parameter assignment.
[2026-06-17 23:27:00] [INFO] [pipeline_orchestrator]: [ETL STEP 1]: Extracting and compiling sparse text files...
[2026-06-17 23:27:00] [CRITICAL] [pipeline_orchestrator]: System processing stopped by runtime exception: No raw patient text records found at: D:\ML Project\ICU Project\data\raw\set-a
Please ensure your downloaded files are unzipped inside 'data/raw/set-a/'
Traceback (most recent call last):
  File "D:\ML Project\ICU Project\src\train.py", line 29, in execute_end_to_end_training_pipeline
    raw_db = compile_raw_database()
  File "D:\ML Project\ICU Project\src\data_pipeline.py", line 83, in compile_raw_database
    raise FileNotFoundError(
FileNotFoundError: No raw patient text records found at: D:\ML Project\ICU Project\data\raw\set-a
Please ensure your downloaded files are unzipped inside 'data/raw/set-a/'
[2026-06-17 23:30:50] [INFO] [pipeline_orchestrator]: ==============================================================
[2026-06-17 23:30:50] [INFO] [pipeline_orchestrator]:    ICU MORTALITY PREDICTION HYBRID PIPELINE INITIALIZED      
[2026-06-17 23:30:50] [INFO] [pipeline_orchestrator]: ==============================================================
[2026-06-17 23:30:50] [INFO] [utils_infra]: Global pseudorandom states locked securely using seed footprint: 42
[2026-06-17 23:30:50] [WARNING] [utils_infra]: Reminder: Estimator-level routines require internal 'random_state' parameter assignment.
[2026-06-17 23:30:50] [INFO] [pipeline_orchestrator]: [ETL STEP 1]: Extracting and compiling sparse text files...
[2026-06-17 23:30:50] [INFO] [data_pipeline]: Discovered 4000 files. Compiling master clinical database...
[2026-06-17 23:32:45] [INFO] [data_pipeline]: Database assembly complete. Total observations shape: (1757980, 4)
[2026-06-17 23:32:45] [INFO] [pipeline_orchestrator]: [ETL STEP 2]: Running multi-engine feature extraction transformations...
[2026-06-17 23:32:45] [INFO] [feature_engineering]: Initializing multi-phase extraction pipeline on matrix shape: (1757980, 4)
[2026-06-17 23:32:52] [INFO] [feature_engineering]: Aggregating baseline chronological matrices...
[2026-06-17 23:32:53] [INFO] [feature_engineering]: Executing vectorized timeline trajectory comparisons...
[2026-06-17 23:32:53] [INFO] [feature_engineering]: Assembling structured missingness indicator matrix layers...
[2026-06-17 23:32:53] [INFO] [feature_engineering]: Calculating advanced clinical metric indexes...
[2026-06-17 23:32:53] [INFO] [feature_engineering]: return_sequences parameter verified. Compiling 3D temporal arrays...
[2026-06-17 23:33:54] [INFO] [feature_engineering]: Advanced clinical feature construction sequence finalized successfully.
[2026-06-17 23:33:54] [INFO] [pipeline_orchestrator]: [ETL STEP 3]: Aligning metrics with clinical survival outcome registries...
[2026-06-17 23:33:54] [INFO] [data_pipeline]: Merging clinical summary metrics with survival outcome registries...
[2026-06-17 23:33:54] [INFO] [data_pipeline]: Cohort assembly finalized successfully. Final cohort shape: (4000, 176)
[2026-06-17 23:33:54] [INFO] [pipeline_orchestrator]: [SPLIT STEP]: Isolating a 15% pristine final holdout validation set...
[2026-06-17 23:33:54] [INFO] [pipeline_orchestrator]: [MODELING STEP 1]: Running LightGBM Stratified Cross-Validation & Calibration...
[2026-06-17 23:33:54] [INFO] [evaluation_engine]: Starting 5-Fold Stratified Validation Loop.
[2026-06-17 23:33:56] [INFO] [evaluation_engine]: Fold 1 -> AUPRC: 0.4248 | Event1: 0.4330
[2026-06-17 23:33:57] [INFO] [evaluation_engine]: Fold 2 -> AUPRC: 0.4772 | Event1: 0.4700
[2026-06-17 23:33:59] [INFO] [evaluation_engine]: Fold 3 -> AUPRC: 0.5219 | Event1: 0.5300
[2026-06-17 23:34:00] [INFO] [evaluation_engine]: Fold 4 -> AUPRC: 0.5367 | Event1: 0.5213
[2026-06-17 23:34:01] [INFO] [evaluation_engine]: Fold 5 -> AUPRC: 0.4329 | Event1: 0.4174
[2026-06-17 23:34:01] [INFO] [evaluation_engine]: --- Cross-Validation Stability Card ---
[2026-06-17 23:34:01] [INFO] [evaluation_engine]:  Fold Variance -> Met: AUROC              | Value: 0.8456 ± 0.0064
[2026-06-17 23:34:01] [INFO] [evaluation_engine]:  Fold Variance -> Met: AUPRC              | Value: 0.4787 ± 0.0452
[2026-06-17 23:34:01] [INFO] [evaluation_engine]:  Fold Variance -> Met: PhysioNet_Event1   | Value: 0.4743 ± 0.0453
[2026-06-17 23:34:01] [INFO] [evaluation_engine]:  Fold Variance -> Met: PhysioNet_Event2   | Value: 23.6978 ± 7.7929
[2026-06-17 23:34:03] [INFO] [pipeline_orchestrator]: [MODELING STEP 2]: Running PyTorch LSTM Sequential Trajectory Learning...
[2026-06-17 23:34:03] [INFO] [pytorch_dl_engine]: Initializing PyTorch execution training loops on device target: cpu
[2026-06-17 23:34:03] [INFO] [pytorch_dl_engine]: --- PyTorch LSTM: Training Fold 1 / 5 ---
[2026-06-17 23:34:05] [CRITICAL] [pipeline_orchestrator]: System processing stopped by runtime exception: all elements of input should be between 0 and 1
Traceback (most recent call last):
  File "D:\ML Project\ICU Project\src\train.py", line 68, in execute_end_to_end_training_pipeline
    lstm_champion_model, oof_lstm_probs = train_lstm(seq_dev, y_dev, n_epochs=25, batch_size=64)
  File "D:\ML Project\ICU Project\src\model_dl.py", line 100, in train_lstm
    loss = criterion(preds, batch_y)
  File "C:\Users\nikhi\.conda\envs\venv\lib\site-packages\torch\nn\modules\module.py", line 1511, in _wrapped_call_impl
    return self._call_impl(*args, **kwargs)
  File "C:\Users\nikhi\.conda\envs\venv\lib\site-packages\torch\nn\modules\module.py", line 1520, in _call_impl
    return forward_call(*args, **kwargs)
  File "C:\Users\nikhi\.conda\envs\venv\lib\site-packages\torch\nn\modules\loss.py", line 618, in forward
    return F.binary_cross_entropy(input, target, weight=self.weight, reduction=self.reduction)
  File "C:\Users\nikhi\.conda\envs\venv\lib\site-packages\torch\nn\functional.py", line 3127, in binary_cross_entropy
    return torch._C._nn.binary_cross_entropy(input, target, weight, reduction_enum)
RuntimeError: all elements of input should be between 0 and 1
[2026-06-17 23:39:25] [INFO] [pipeline_orchestrator]: ==============================================================
[2026-06-17 23:39:25] [INFO] [pipeline_orchestrator]:    ICU MORTALITY PREDICTION HYBRID PIPELINE INITIALIZED      
[2026-06-17 23:39:25] [INFO] [pipeline_orchestrator]: ==============================================================
[2026-06-17 23:39:25] [INFO] [utils_infra]: Global pseudorandom states locked securely using seed footprint: 42
[2026-06-17 23:39:25] [WARNING] [utils_infra]: Reminder: Estimator-level routines require internal 'random_state' parameter assignment.
[2026-06-17 23:39:25] [INFO] [pipeline_orchestrator]: [ETL STEP 1]: Extracting and compiling sparse text files...
[2026-06-17 23:39:25] [INFO] [data_pipeline]: Discovered 4000 files. Compiling master clinical database...
[2026-06-17 23:39:32] [INFO] [data_pipeline]: Database assembly complete. Total observations shape: (1757980, 4)
[2026-06-17 23:39:32] [INFO] [pipeline_orchestrator]: [ETL STEP 2]: Running multi-engine feature extraction transformations...
[2026-06-17 23:39:32] [INFO] [feature_engineering]: Initializing multi-phase extraction pipeline on matrix shape: (1757980, 4)
[2026-06-17 23:39:34] [INFO] [feature_engineering]: Aggregating baseline chronological matrices...
[2026-06-17 23:39:34] [INFO] [feature_engineering]: Executing vectorized timeline trajectory comparisons...
[2026-06-17 23:39:34] [INFO] [feature_engineering]: Assembling structured missingness indicator matrix layers...
[2026-06-17 23:39:34] [INFO] [feature_engineering]: Calculating advanced clinical metric indexes...
[2026-06-17 23:39:34] [INFO] [feature_engineering]: return_sequences parameter verified. Compiling 3D temporal arrays...
[2026-06-17 23:39:53] [INFO] [feature_engineering]: Advanced clinical feature construction sequence finalized successfully.
[2026-06-17 23:39:53] [INFO] [pipeline_orchestrator]: [ETL STEP 3]: Aligning metrics with clinical survival outcome registries...
[2026-06-17 23:39:53] [INFO] [data_pipeline]: Merging clinical summary metrics with survival outcome registries...
[2026-06-17 23:39:53] [INFO] [data_pipeline]: Cohort assembly finalized successfully. Final cohort shape: (4000, 176)
[2026-06-17 23:39:53] [INFO] [pipeline_orchestrator]: [SPLIT STEP]: Isolating a 15% pristine final holdout validation set...
[2026-06-17 23:39:53] [INFO] [pipeline_orchestrator]: [MODELING STEP 1]: Running LightGBM Stratified Cross-Validation & Calibration...
[2026-06-17 23:39:53] [INFO] [evaluation_engine]: Starting 5-Fold Stratified Validation Loop.
[2026-06-17 23:39:53] [INFO] [evaluation_engine]: Fold 1 -> AUPRC: 0.4248 | Event1: 0.4330
[2026-06-17 23:39:54] [INFO] [evaluation_engine]: Fold 2 -> AUPRC: 0.4772 | Event1: 0.4700
[2026-06-17 23:39:54] [INFO] [evaluation_engine]: Fold 3 -> AUPRC: 0.5219 | Event1: 0.5300
[2026-06-17 23:39:55] [INFO] [evaluation_engine]: Fold 4 -> AUPRC: 0.5367 | Event1: 0.5213
[2026-06-17 23:39:55] [INFO] [evaluation_engine]: Fold 5 -> AUPRC: 0.4329 | Event1: 0.4174
[2026-06-17 23:39:55] [INFO] [evaluation_engine]: --- Cross-Validation Stability Card ---
[2026-06-17 23:39:55] [INFO] [evaluation_engine]:  Fold Variance -> Met: AUROC              | Value: 0.8456 ± 0.0064
[2026-06-17 23:39:55] [INFO] [evaluation_engine]:  Fold Variance -> Met: AUPRC              | Value: 0.4787 ± 0.0452
[2026-06-17 23:39:55] [INFO] [evaluation_engine]:  Fold Variance -> Met: PhysioNet_Event1   | Value: 0.4743 ± 0.0453
[2026-06-17 23:39:55] [INFO] [evaluation_engine]:  Fold Variance -> Met: PhysioNet_Event2   | Value: 23.6978 ± 7.7929
[2026-06-17 23:39:55] [INFO] [pipeline_orchestrator]: [MODELING STEP 2]: Running PyTorch LSTM Sequential Trajectory Learning...
[2026-06-17 23:39:55] [INFO] [pytorch_dl_engine]: Initializing PyTorch execution training loops on device target: cpu
[2026-06-17 23:39:55] [INFO] [pytorch_dl_engine]: --- PyTorch LSTM: Training Fold 1 / 5 ---
[2026-06-17 23:39:59] [CRITICAL] [pipeline_orchestrator]: System processing stopped by runtime exception: Input contains NaN.
Traceback (most recent call last):
  File "D:\ML Project\ICU Project\src\train.py", line 68, in execute_end_to_end_training_pipeline
    lstm_champion_model, oof_lstm_probs = train_lstm(seq_dev, y_dev, n_epochs=25, batch_size=64)
  File "D:\ML Project\ICU Project\src\model_dl.py", line 113, in train_lstm
    val_auprc = average_precision_score(y_val_np, val_probs)
  File "C:\Users\nikhi\.conda\envs\venv\lib\site-packages\sklearn\utils\_param_validation.py", line 213, in wrapper
    return func(*args, **kwargs)
  File "C:\Users\nikhi\.conda\envs\venv\lib\site-packages\sklearn\metrics\_ranking.py", line 268, in average_precision_score
    return _average_binary_score(
  File "C:\Users\nikhi\.conda\envs\venv\lib\site-packages\sklearn\metrics\_base.py", line 76, in _average_binary_score
    return binary_metric(y_true, y_score, sample_weight=sample_weight)
  File "C:\Users\nikhi\.conda\envs\venv\lib\site-packages\sklearn\metrics\_ranking.py", line 230, in _binary_uninterpolated_average_precision
    precision, recall, _ = precision_recall_curve(
  File "C:\Users\nikhi\.conda\envs\venv\lib\site-packages\sklearn\utils\_param_validation.py", line 186, in wrapper
    return func(*args, **kwargs)
  File "C:\Users\nikhi\.conda\envs\venv\lib\site-packages\sklearn\metrics\_ranking.py", line 1002, in precision_recall_curve
    fps, tps, thresholds = _binary_clf_curve(
  File "C:\Users\nikhi\.conda\envs\venv\lib\site-packages\sklearn\metrics\_ranking.py", line 823, in _binary_clf_curve
    assert_all_finite(y_score)
  File "C:\Users\nikhi\.conda\envs\venv\lib\site-packages\sklearn\utils\validation.py", line 213, in assert_all_finite
    _assert_all_finite(
  File "C:\Users\nikhi\.conda\envs\venv\lib\site-packages\sklearn\utils\validation.py", line 123, in _assert_all_finite
    _assert_all_finite_element_wise(
  File "C:\Users\nikhi\.conda\envs\venv\lib\site-packages\sklearn\utils\validation.py", line 172, in _assert_all_finite_element_wise
    raise ValueError(msg_err)
ValueError: Input contains NaN.
[2026-06-17 23:45:05] [INFO] [pipeline_orchestrator]: ==============================================================
[2026-06-17 23:45:05] [INFO] [pipeline_orchestrator]:    ICU MORTALITY PREDICTION HYBRID PIPELINE INITIALIZED      
[2026-06-17 23:45:05] [INFO] [pipeline_orchestrator]: ==============================================================
[2026-06-17 23:45:05] [INFO] [utils_infra]: Global pseudorandom states locked securely using seed footprint: 42
[2026-06-17 23:45:05] [WARNING] [utils_infra]: Reminder: Estimator-level routines require internal 'random_state' parameter assignment.
[2026-06-17 23:45:05] [INFO] [pipeline_orchestrator]: [ETL STEP 1]: Extracting and compiling sparse text files...
[2026-06-17 23:45:05] [INFO] [data_pipeline]: Discovered 4000 files. Compiling master clinical database...
[2026-06-17 23:45:13] [INFO] [data_pipeline]: Database assembly complete. Total observations shape: (1757980, 4)
[2026-06-17 23:45:13] [INFO] [pipeline_orchestrator]: [ETL STEP 2]: Running multi-engine feature extraction transformations...
[2026-06-17 23:45:13] [INFO] [feature_engineering]: Initializing multi-phase extraction pipeline on matrix shape: (1757980, 4)
[2026-06-17 23:45:15] [INFO] [feature_engineering]: Aggregating baseline chronological matrices...
[2026-06-17 23:45:15] [INFO] [feature_engineering]: Executing vectorized timeline trajectory comparisons...
[2026-06-17 23:45:15] [INFO] [feature_engineering]: Assembling structured missingness indicator matrix layers...
[2026-06-17 23:45:15] [INFO] [feature_engineering]: Calculating advanced clinical metric indexes...
[2026-06-17 23:45:15] [INFO] [feature_engineering]: return_sequences parameter verified. Compiling 3D temporal arrays...
[2026-06-17 23:45:56] [INFO] [feature_engineering]: Advanced clinical feature construction sequence finalized successfully.
[2026-06-17 23:45:56] [INFO] [pipeline_orchestrator]: [ETL STEP 3]: Aligning metrics with clinical survival outcome registries...
[2026-06-17 23:45:56] [INFO] [data_pipeline]: Merging clinical summary metrics with survival outcome registries...
[2026-06-17 23:45:56] [INFO] [data_pipeline]: Cohort assembly finalized successfully. Final cohort shape: (4000, 176)
[2026-06-17 23:45:56] [INFO] [pipeline_orchestrator]: [SPLIT STEP]: Isolating a 15% pristine final holdout validation set...
[2026-06-17 23:45:56] [INFO] [pipeline_orchestrator]: [MODELING STEP 1]: Running LightGBM Stratified Cross-Validation & Calibration...
[2026-06-17 23:45:56] [INFO] [evaluation_engine]: Starting 5-Fold Stratified Validation Loop.
[2026-06-17 23:45:57] [INFO] [evaluation_engine]: Fold 1 -> AUPRC: 0.4248 | Event1: 0.4330
[2026-06-17 23:45:58] [INFO] [evaluation_engine]: Fold 2 -> AUPRC: 0.4772 | Event1: 0.4700
[2026-06-17 23:46:00] [INFO] [evaluation_engine]: Fold 3 -> AUPRC: 0.5219 | Event1: 0.5300
[2026-06-17 23:46:01] [INFO] [evaluation_engine]: Fold 4 -> AUPRC: 0.5367 | Event1: 0.5213
[2026-06-17 23:46:02] [INFO] [evaluation_engine]: Fold 5 -> AUPRC: 0.4329 | Event1: 0.4174
[2026-06-17 23:46:02] [INFO] [evaluation_engine]: --- Cross-Validation Stability Card ---
[2026-06-17 23:46:02] [INFO] [evaluation_engine]:  Fold Variance -> Met: AUROC              | Value: 0.8456 ± 0.0064
[2026-06-17 23:46:02] [INFO] [evaluation_engine]:  Fold Variance -> Met: AUPRC              | Value: 0.4787 ± 0.0452
[2026-06-17 23:46:02] [INFO] [evaluation_engine]:  Fold Variance -> Met: PhysioNet_Event1   | Value: 0.4743 ± 0.0453
[2026-06-17 23:46:02] [INFO] [evaluation_engine]:  Fold Variance -> Met: PhysioNet_Event2   | Value: 23.6978 ± 7.7929
[2026-06-17 23:46:03] [INFO] [pipeline_orchestrator]: [MODELING STEP 2]: Running PyTorch LSTM Sequential Trajectory Learning...
[2026-06-17 23:46:03] [INFO] [pytorch_dl_engine]: Initializing PyTorch execution training loops on device target: cpu
[2026-06-17 23:46:03] [INFO] [pytorch_dl_engine]: --- PyTorch LSTM: Training Fold 1 / 5 ---
[2026-06-17 23:46:58] [INFO] [pytorch_dl_engine]: Fold 1 Finalized. Peak Validation AUPRC: 0.1397
[2026-06-17 23:46:58] [INFO] [pytorch_dl_engine]: --- PyTorch LSTM: Training Fold 2 / 5 ---
[2026-06-17 23:47:20] [INFO] [pytorch_dl_engine]: Fold 2 Finalized. Peak Validation AUPRC: 0.1382
[2026-06-17 23:47:20] [INFO] [pytorch_dl_engine]: --- PyTorch LSTM: Training Fold 3 / 5 ---
[2026-06-17 23:47:40] [INFO] [pytorch_dl_engine]: Fold 3 Finalized. Peak Validation AUPRC: 0.1382
[2026-06-17 23:47:40] [INFO] [pytorch_dl_engine]: --- PyTorch LSTM: Training Fold 4 / 5 ---
[2026-06-17 23:48:01] [INFO] [pytorch_dl_engine]: Fold 4 Finalized. Peak Validation AUPRC: 0.1382
[2026-06-17 23:48:01] [INFO] [pytorch_dl_engine]: --- PyTorch LSTM: Training Fold 5 / 5 ---
[2026-06-17 23:48:21] [INFO] [pytorch_dl_engine]: Fold 5 Finalized. Peak Validation AUPRC: 0.1382
[2026-06-17 23:48:21] [INFO] [pipeline_orchestrator]: [MODELING STEP 3]: Evaluating out-of-fold hybrid blend performance...
[2026-06-17 23:48:21] [INFO] [evaluation_engine]: ==================================================
[2026-06-17 23:48:21] [INFO] [evaluation_engine]:    HYBRID ENSEMBLE HYBRID EVALUATION SUCCESSFUL   
[2026-06-17 23:48:21] [INFO] [evaluation_engine]: ==================================================
[2026-06-17 23:48:21] [INFO] [evaluation_engine]:  Ensemble Balanced Event1 Score: 0.4735
[2026-06-17 23:48:21] [INFO] [evaluation_engine]:  Ensemble Calibration Event2 Metric: 1145.8371
[2026-06-17 23:48:21] [INFO] [pipeline_orchestrator]: [EVALUATION STEP]: Testing ensemble performance on hidden data...
[2026-06-17 23:48:21] [CRITICAL] [pipeline_orchestrator]: System processing stopped by runtime exception: Input contains NaN.
Traceback (most recent call last):
  File "D:\ML Project\ICU Project\src\train.py", line 90, in execute_end_to_end_training_pipeline
    final_test_scores = calculate_clinical_metrics(y_test, final_test_ensemble_probs)
  File "D:\ML Project\ICU Project\src\evaluate.py", line 84, in calculate_clinical_metrics
    p, r, _ = precision_recall_curve(y_true, y_prob)
  File "C:\Users\nikhi\.conda\envs\venv\lib\site-packages\sklearn\utils\_param_validation.py", line 213, in wrapper
    return func(*args, **kwargs)
  File "C:\Users\nikhi\.conda\envs\venv\lib\site-packages\sklearn\metrics\_ranking.py", line 1002, in precision_recall_curve
    fps, tps, thresholds = _binary_clf_curve(
  File "C:\Users\nikhi\.conda\envs\venv\lib\site-packages\sklearn\metrics\_ranking.py", line 823, in _binary_clf_curve
    assert_all_finite(y_score)
  File "C:\Users\nikhi\.conda\envs\venv\lib\site-packages\sklearn\utils\validation.py", line 213, in assert_all_finite
    _assert_all_finite(
  File "C:\Users\nikhi\.conda\envs\venv\lib\site-packages\sklearn\utils\validation.py", line 123, in _assert_all_finite
    _assert_all_finite_element_wise(
  File "C:\Users\nikhi\.conda\envs\venv\lib\site-packages\sklearn\utils\validation.py", line 172, in _assert_all_finite_element_wise
    raise ValueError(msg_err)
ValueError: Input contains NaN.
[2026-06-17 23:54:01] [INFO] [pipeline_orchestrator]: ==============================================================
[2026-06-17 23:54:01] [INFO] [pipeline_orchestrator]:    ICU MORTALITY PREDICTION HYBRID PIPELINE INITIALIZED      
[2026-06-17 23:54:01] [INFO] [pipeline_orchestrator]: ==============================================================
[2026-06-17 23:54:01] [INFO] [utils_infra]: Global pseudorandom states locked securely using seed footprint: 42
[2026-06-17 23:54:01] [WARNING] [utils_infra]: Reminder: Estimator-level routines require internal 'random_state' parameter assignment.
[2026-06-17 23:54:01] [INFO] [pipeline_orchestrator]: [ETL STEP 1]: Extracting and compiling sparse text files...
[2026-06-17 23:54:01] [INFO] [data_pipeline]: 🔍 No cache found. Scanning 4000 text files. This will take a moment...
[2026-06-17 23:54:09] [INFO] [data_pipeline]: ✨ Successfully created database cache snapshot at: D:\ML Project\ICU Project\data\processed\raw_database_cache.parquet
[2026-06-17 23:54:09] [INFO] [pipeline_orchestrator]: [ETL STEP 2]: Running multi-engine feature extraction transformations...
[2026-06-17 23:54:09] [INFO] [feature_engineering]: Initializing multi-phase extraction pipeline on matrix shape: (1757980, 4)
[2026-06-17 23:54:11] [INFO] [feature_engineering]: Aggregating baseline chronological matrices...
[2026-06-17 23:54:11] [INFO] [feature_engineering]: Executing vectorized timeline trajectory comparisons...
[2026-06-17 23:54:11] [INFO] [feature_engineering]: Assembling structured missingness indicator matrix layers...
[2026-06-17 23:54:11] [INFO] [feature_engineering]: Calculating advanced clinical metric indexes...
[2026-06-17 23:54:11] [INFO] [feature_engineering]: return_sequences parameter verified. Compiling 3D temporal arrays...
[2026-06-17 23:54:30] [INFO] [feature_engineering]: Advanced clinical feature construction sequence finalized successfully.
[2026-06-17 23:54:30] [INFO] [pipeline_orchestrator]: [ETL STEP 3]: Aligning metrics with clinical survival outcome registries...
[2026-06-17 23:54:30] [INFO] [data_pipeline]: Merging clinical summary metrics with survival outcome registries...
[2026-06-17 23:54:30] [INFO] [data_pipeline]: Cohort assembly finalized successfully. Final cohort shape: (4000, 176)
[2026-06-17 23:54:30] [INFO] [pipeline_orchestrator]: [SPLIT STEP]: Isolating a 15% pristine final holdout validation set...
[2026-06-17 23:54:30] [INFO] [pipeline_orchestrator]: [MODELING STEP 1]: Running LightGBM Stratified Cross-Validation & Calibration...
[2026-06-17 23:54:30] [INFO] [evaluation_engine]: Starting 5-Fold Stratified Validation Loop.
[2026-06-17 23:54:30] [INFO] [evaluation_engine]: Fold 1 -> AUPRC: 0.4248 | Event1: 0.4330
[2026-06-17 23:54:31] [INFO] [evaluation_engine]: Fold 2 -> AUPRC: 0.4772 | Event1: 0.4700
[2026-06-17 23:54:31] [INFO] [evaluation_engine]: Fold 3 -> AUPRC: 0.5219 | Event1: 0.5300
[2026-06-17 23:54:31] [INFO] [evaluation_engine]: Fold 4 -> AUPRC: 0.5367 | Event1: 0.5213
[2026-06-17 23:54:32] [INFO] [evaluation_engine]: Fold 5 -> AUPRC: 0.4329 | Event1: 0.4174
[2026-06-17 23:54:32] [INFO] [evaluation_engine]: --- Cross-Validation Stability Card ---
[2026-06-17 23:54:32] [INFO] [evaluation_engine]:  Fold Variance -> Met: AUROC              | Value: 0.8456 ± 0.0064
[2026-06-17 23:54:32] [INFO] [evaluation_engine]:  Fold Variance -> Met: AUPRC              | Value: 0.4787 ± 0.0452
[2026-06-17 23:54:32] [INFO] [evaluation_engine]:  Fold Variance -> Met: PhysioNet_Event1   | Value: 0.4743 ± 0.0453
[2026-06-17 23:54:32] [INFO] [evaluation_engine]:  Fold Variance -> Met: PhysioNet_Event2   | Value: 23.6978 ± 7.7929
[2026-06-17 23:54:32] [INFO] [pipeline_orchestrator]: [MODELING STEP 2]: Running PyTorch LSTM Sequential Trajectory Learning...
[2026-06-17 23:54:32] [INFO] [pytorch_dl_engine]: Initializing PyTorch execution training loops on device target: cpu
[2026-06-17 23:54:32] [INFO] [pytorch_dl_engine]: --- PyTorch LSTM: Training Fold 1 / 5 ---
[2026-06-17 23:54:54] [INFO] [pytorch_dl_engine]: Fold 1 Finalized. Peak Validation AUPRC: 0.1397
[2026-06-17 23:54:54] [INFO] [pytorch_dl_engine]: --- PyTorch LSTM: Training Fold 2 / 5 ---
[2026-06-17 23:55:15] [INFO] [pytorch_dl_engine]: Fold 2 Finalized. Peak Validation AUPRC: 0.1382
[2026-06-17 23:55:15] [INFO] [pytorch_dl_engine]: --- PyTorch LSTM: Training Fold 3 / 5 ---
[2026-06-17 23:55:36] [INFO] [pytorch_dl_engine]: Fold 3 Finalized. Peak Validation AUPRC: 0.1382
[2026-06-17 23:55:36] [INFO] [pytorch_dl_engine]: --- PyTorch LSTM: Training Fold 4 / 5 ---
[2026-06-17 23:55:57] [INFO] [pytorch_dl_engine]: Fold 4 Finalized. Peak Validation AUPRC: 0.1382
[2026-06-17 23:55:57] [INFO] [pytorch_dl_engine]: --- PyTorch LSTM: Training Fold 5 / 5 ---
[2026-06-17 23:56:18] [INFO] [pytorch_dl_engine]: Fold 5 Finalized. Peak Validation AUPRC: 0.1382
[2026-06-17 23:56:18] [INFO] [pipeline_orchestrator]: [MODELING STEP 3]: Evaluating out-of-fold hybrid blend performance...
[2026-06-17 23:56:19] [INFO] [evaluation_engine]: ==================================================
[2026-06-17 23:56:19] [INFO] [evaluation_engine]:    HYBRID ENSEMBLE HYBRID EVALUATION SUCCESSFUL   
[2026-06-17 23:56:19] [INFO] [evaluation_engine]: ==================================================
[2026-06-17 23:56:19] [INFO] [evaluation_engine]:  Ensemble Balanced Event1 Score: 0.4735
[2026-06-17 23:56:19] [INFO] [evaluation_engine]:  Ensemble Calibration Event2 Metric: 1145.8371
[2026-06-17 23:56:19] [INFO] [pipeline_orchestrator]: [EVALUATION STEP]: Testing ensemble performance on hidden data...
[2026-06-17 23:56:19] [INFO] [pipeline_orchestrator]: ==================================================
[2026-06-17 23:56:19] [INFO] [pipeline_orchestrator]:        FINAL PROSPECTIVE HOLDOUT PERFORMANCE       
[2026-06-17 23:56:19] [INFO] [pipeline_orchestrator]: ==================================================
[2026-06-17 23:56:19] [INFO] [pipeline_orchestrator]:  Test Set Area Under PR Curve (AUPRC): 0.5302
[2026-06-17 23:56:19] [INFO] [pipeline_orchestrator]:  Test Set Area Under ROC Curve (AUROC): 0.8689
[2026-06-17 23:56:19] [INFO] [pipeline_orchestrator]:  Test Balanced Event1 Score:            0.5238
[2026-06-17 23:56:19] [INFO] [pipeline_orchestrator]:  Test Calibration Event2 Score:         0.1007
[2026-06-17 23:56:19] [INFO] [pipeline_orchestrator]: ==================================================
[2026-06-17 23:56:19] [INFO] [pipeline_orchestrator]: [SERIALIZATION]: Freezing system artifacts to target: D:\ML Project\ICU Project\models
[2026-06-17 23:56:19] [INFO] [utils_infra]: Successfully serialized production asset artifact to disk destination: D:\ML Project\ICU Project\models\hybrid_ensemble_core.joblib
[2026-06-17 23:56:19] [INFO] [pipeline_orchestrator]: Processing execution complete. Elapsed time: 0:02:18.397498
[2026-06-20 21:31:27] [INFO] [api_serving_engine]: Initializing system startup sequence. Loading defrosted production assets into RAM memory...
[2026-06-20 21:31:27] [INFO] [utils_infra]: Successfully loaded and verified structure for asset file: hybrid_ensemble_core.joblib
[2026-06-20 21:31:27] [INFO] [api_serving_engine]: Tabular features list successfully verified. Total registered column shape: 174
[2026-06-20 21:31:28] [INFO] [api_serving_engine]: Production frameworks successfully mapped onto hardware target execution device: cpu
[2026-06-20 21:31:28] [INFO] [api_serving_engine]: FastAPI inference operational engine is fully live and online.
[2026-06-20 21:34:45] [INFO] [api_serving_engine]: Initializing system startup sequence. Loading defrosted production assets into RAM memory...
[2026-06-20 21:34:45] [INFO] [utils_infra]: Successfully loaded and verified structure for asset file: hybrid_ensemble_core.joblib
[2026-06-20 21:34:45] [INFO] [api_serving_engine]: Tabular features list successfully verified. Total registered column shape: 174
[2026-06-20 21:34:45] [INFO] [api_serving_engine]: Production frameworks successfully mapped onto hardware target execution device: cpu
[2026-06-20 21:34:45] [INFO] [api_serving_engine]: FastAPI inference operational engine is fully live and online.
[2026-06-20 21:35:30] [INFO] [streamlit_client_app]: User pushed execution evaluation button. Age=72, GCS=9.0
[2026-06-20 21:35:30] [INFO] [api_serving_engine]: Incoming transaction request received. Initializing inference transformation assembly...
[2026-06-20 21:35:30] [INFO] [api_serving_engine]: Risk evaluation calculated successfully: Probability=nan | Status=STABLE / LOW RISK
[2026-06-20 21:35:30] [INFO] [api_serving_engine]: Computing local feature attribution coefficients using TreeSHAP algorithms...
[2026-06-20 21:35:30] [ERROR] [explainability_engine]: Failed to generate tabular SHAP explanations: Model type not yet supported by TreeExplainer: <class 'sklearn.calibration.CalibratedClassifierCV'>
[2026-06-20 21:35:30] [ERROR] [api_serving_engine]: Runtime failure tracking out inference processing blocks: Explainability execution trace fault: Model type not yet supported by TreeExplainer: <class 'sklearn.calibration.CalibratedClassifierCV'>
Traceback (most recent call last):
  File "D:\ML Project\ICU Project\src\explain.py", line 29, in generate_tabular_explanation
    explainer = shap.TreeExplainer(model)
  File "C:\Users\nikhi\.conda\envs\venv\lib\site-packages\shap\explainers\_tree.py", line 278, in __init__
    self.model = TreeEnsemble(model, self.data, self.data_missing, model_output)
  File "C:\Users\nikhi\.conda\envs\venv\lib\site-packages\shap\explainers\_tree.py", line 1442, in __init__
    raise InvalidModelError("Model type not yet supported by TreeExplainer: " + str(type(model)))
shap.utils._exceptions.InvalidModelError: Model type not yet supported by TreeExplainer: <class 'sklearn.calibration.CalibratedClassifierCV'>

During handling of the above exception, another exception occurred:

Traceback (most recent call last):
  File "D:\ML Project\ICU Project\api\main.py", line 131, in execute_hybrid_clinical_inference
    raw_shap = generate_tabular_explanation(lgbm_ensemble, X_patient, feature_checklist)
  File "D:\ML Project\ICU Project\src\explain.py", line 55, in generate_tabular_explanation
    raise RuntimeError(f"Explainability execution trace fault: {str(e)}")
RuntimeError: Explainability execution trace fault: Model type not yet supported by TreeExplainer: <class 'sklearn.calibration.CalibratedClassifierCV'>
[2026-06-20 21:35:30] [ERROR] [streamlit_client_app]: API serving endpoint node dropped connection. HTTP Error Code: 500
[2026-06-20 21:35:40] [INFO] [streamlit_client_app]: User pushed execution evaluation button. Age=72, GCS=9.0
[2026-06-20 21:35:40] [INFO] [api_serving_engine]: Incoming transaction request received. Initializing inference transformation assembly...
[2026-06-20 21:35:40] [INFO] [api_serving_engine]: Risk evaluation calculated successfully: Probability=nan | Status=STABLE / LOW RISK
[2026-06-20 21:35:40] [INFO] [api_serving_engine]: Computing local feature attribution coefficients using TreeSHAP algorithms...
[2026-06-20 21:35:40] [ERROR] [explainability_engine]: Failed to generate tabular SHAP explanations: Model type not yet supported by TreeExplainer: <class 'sklearn.calibration.CalibratedClassifierCV'>
[2026-06-20 21:35:40] [ERROR] [api_serving_engine]: Runtime failure tracking out inference processing blocks: Explainability execution trace fault: Model type not yet supported by TreeExplainer: <class 'sklearn.calibration.CalibratedClassifierCV'>
Traceback (most recent call last):
  File "D:\ML Project\ICU Project\src\explain.py", line 29, in generate_tabular_explanation
    explainer = shap.TreeExplainer(model)
  File "C:\Users\nikhi\.conda\envs\venv\lib\site-packages\shap\explainers\_tree.py", line 278, in __init__
    self.model = TreeEnsemble(model, self.data, self.data_missing, model_output)
  File "C:\Users\nikhi\.conda\envs\venv\lib\site-packages\shap\explainers\_tree.py", line 1442, in __init__
    raise InvalidModelError("Model type not yet supported by TreeExplainer: " + str(type(model)))
shap.utils._exceptions.InvalidModelError: Model type not yet supported by TreeExplainer: <class 'sklearn.calibration.CalibratedClassifierCV'>

During handling of the above exception, another exception occurred:

Traceback (most recent call last):
  File "D:\ML Project\ICU Project\api\main.py", line 131, in execute_hybrid_clinical_inference
    raw_shap = generate_tabular_explanation(lgbm_ensemble, X_patient, feature_checklist)
  File "D:\ML Project\ICU Project\src\explain.py", line 55, in generate_tabular_explanation
    raise RuntimeError(f"Explainability execution trace fault: {str(e)}")
RuntimeError: Explainability execution trace fault: Model type not yet supported by TreeExplainer: <class 'sklearn.calibration.CalibratedClassifierCV'>
[2026-06-20 21:35:40] [ERROR] [streamlit_client_app]: API serving endpoint node dropped connection. HTTP Error Code: 500
[2026-06-20 21:35:53] [INFO] [streamlit_client_app]: User pushed execution evaluation button. Age=72, GCS=9.0
[2026-06-20 21:35:53] [INFO] [api_serving_engine]: Incoming transaction request received. Initializing inference transformation assembly...
[2026-06-20 21:35:53] [INFO] [api_serving_engine]: Risk evaluation calculated successfully: Probability=nan | Status=STABLE / LOW RISK
[2026-06-20 21:35:53] [INFO] [api_serving_engine]: Computing local feature attribution coefficients using TreeSHAP algorithms...
[2026-06-20 21:35:53] [ERROR] [explainability_engine]: Failed to generate tabular SHAP explanations: Model type not yet supported by TreeExplainer: <class 'sklearn.calibration.CalibratedClassifierCV'>
[2026-06-20 21:35:53] [ERROR] [api_serving_engine]: Runtime failure tracking out inference processing blocks: Explainability execution trace fault: Model type not yet supported by TreeExplainer: <class 'sklearn.calibration.CalibratedClassifierCV'>
Traceback (most recent call last):
  File "D:\ML Project\ICU Project\src\explain.py", line 29, in generate_tabular_explanation
    explainer = shap.TreeExplainer(model)
  File "C:\Users\nikhi\.conda\envs\venv\lib\site-packages\shap\explainers\_tree.py", line 278, in __init__
    self.model = TreeEnsemble(model, self.data, self.data_missing, model_output)
  File "C:\Users\nikhi\.conda\envs\venv\lib\site-packages\shap\explainers\_tree.py", line 1442, in __init__
    raise InvalidModelError("Model type not yet supported by TreeExplainer: " + str(type(model)))
shap.utils._exceptions.InvalidModelError: Model type not yet supported by TreeExplainer: <class 'sklearn.calibration.CalibratedClassifierCV'>

During handling of the above exception, another exception occurred:

Traceback (most recent call last):
  File "D:\ML Project\ICU Project\api\main.py", line 131, in execute_hybrid_clinical_inference
    raw_shap = generate_tabular_explanation(lgbm_ensemble, X_patient, feature_checklist)
  File "D:\ML Project\ICU Project\src\explain.py", line 55, in generate_tabular_explanation
    raise RuntimeError(f"Explainability execution trace fault: {str(e)}")
RuntimeError: Explainability execution trace fault: Model type not yet supported by TreeExplainer: <class 'sklearn.calibration.CalibratedClassifierCV'>
[2026-06-20 21:35:53] [ERROR] [streamlit_client_app]: API serving endpoint node dropped connection. HTTP Error Code: 500
[2026-06-20 21:35:54] [INFO] [streamlit_client_app]: User pushed execution evaluation button. Age=72, GCS=9.0
[2026-06-20 21:35:54] [INFO] [api_serving_engine]: Incoming transaction request received. Initializing inference transformation assembly...
[2026-06-20 21:35:54] [INFO] [api_serving_engine]: Risk evaluation calculated successfully: Probability=nan | Status=STABLE / LOW RISK
[2026-06-20 21:35:54] [INFO] [api_serving_engine]: Computing local feature attribution coefficients using TreeSHAP algorithms...
[2026-06-20 21:35:54] [ERROR] [explainability_engine]: Failed to generate tabular SHAP explanations: Model type not yet supported by TreeExplainer: <class 'sklearn.calibration.CalibratedClassifierCV'>
[2026-06-20 21:35:54] [ERROR] [api_serving_engine]: Runtime failure tracking out inference processing blocks: Explainability execution trace fault: Model type not yet supported by TreeExplainer: <class 'sklearn.calibration.CalibratedClassifierCV'>
Traceback (most recent call last):
  File "D:\ML Project\ICU Project\src\explain.py", line 29, in generate_tabular_explanation
    explainer = shap.TreeExplainer(model)
  File "C:\Users\nikhi\.conda\envs\venv\lib\site-packages\shap\explainers\_tree.py", line 278, in __init__
    self.model = TreeEnsemble(model, self.data, self.data_missing, model_output)
  File "C:\Users\nikhi\.conda\envs\venv\lib\site-packages\shap\explainers\_tree.py", line 1442, in __init__
    raise InvalidModelError("Model type not yet supported by TreeExplainer: " + str(type(model)))
shap.utils._exceptions.InvalidModelError: Model type not yet supported by TreeExplainer: <class 'sklearn.calibration.CalibratedClassifierCV'>

During handling of the above exception, another exception occurred:

Traceback (most recent call last):
  File "D:\ML Project\ICU Project\api\main.py", line 131, in execute_hybrid_clinical_inference
    raw_shap = generate_tabular_explanation(lgbm_ensemble, X_patient, feature_checklist)
  File "D:\ML Project\ICU Project\src\explain.py", line 55, in generate_tabular_explanation
    raise RuntimeError(f"Explainability execution trace fault: {str(e)}")
RuntimeError: Explainability execution trace fault: Model type not yet supported by TreeExplainer: <class 'sklearn.calibration.CalibratedClassifierCV'>
[2026-06-20 21:35:54] [ERROR] [streamlit_client_app]: API serving endpoint node dropped connection. HTTP Error Code: 500
[2026-06-20 21:35:54] [INFO] [streamlit_client_app]: User pushed execution evaluation button. Age=72, GCS=9.0
[2026-06-20 21:35:54] [INFO] [api_serving_engine]: Incoming transaction request received. Initializing inference transformation assembly...
[2026-06-20 21:35:54] [INFO] [api_serving_engine]: Risk evaluation calculated successfully: Probability=nan | Status=STABLE / LOW RISK
[2026-06-20 21:35:54] [INFO] [api_serving_engine]: Computing local feature attribution coefficients using TreeSHAP algorithms...
[2026-06-20 21:35:54] [ERROR] [explainability_engine]: Failed to generate tabular SHAP explanations: Model type not yet supported by TreeExplainer: <class 'sklearn.calibration.CalibratedClassifierCV'>
[2026-06-20 21:35:54] [ERROR] [api_serving_engine]: Runtime failure tracking out inference processing blocks: Explainability execution trace fault: Model type not yet supported by TreeExplainer: <class 'sklearn.calibration.CalibratedClassifierCV'>
Traceback (most recent call last):
  File "D:\ML Project\ICU Project\src\explain.py", line 29, in generate_tabular_explanation
    explainer = shap.TreeExplainer(model)
  File "C:\Users\nikhi\.conda\envs\venv\lib\site-packages\shap\explainers\_tree.py", line 278, in __init__
    self.model = TreeEnsemble(model, self.data, self.data_missing, model_output)
  File "C:\Users\nikhi\.conda\envs\venv\lib\site-packages\shap\explainers\_tree.py", line 1442, in __init__
    raise InvalidModelError("Model type not yet supported by TreeExplainer: " + str(type(model)))
shap.utils._exceptions.InvalidModelError: Model type not yet supported by TreeExplainer: <class 'sklearn.calibration.CalibratedClassifierCV'>

During handling of the above exception, another exception occurred:

Traceback (most recent call last):
  File "D:\ML Project\ICU Project\api\main.py", line 131, in execute_hybrid_clinical_inference
    raw_shap = generate_tabular_explanation(lgbm_ensemble, X_patient, feature_checklist)
  File "D:\ML Project\ICU Project\src\explain.py", line 55, in generate_tabular_explanation
    raise RuntimeError(f"Explainability execution trace fault: {str(e)}")
RuntimeError: Explainability execution trace fault: Model type not yet supported by TreeExplainer: <class 'sklearn.calibration.CalibratedClassifierCV'>
[2026-06-20 21:35:54] [ERROR] [streamlit_client_app]: API serving endpoint node dropped connection. HTTP Error Code: 500
[2026-06-20 21:37:47] [INFO] [api_serving_engine]: Initializing system startup sequence. Loading defrosted production assets into RAM memory...
[2026-06-20 21:37:47] [INFO] [utils_infra]: Successfully loaded and verified structure for asset file: hybrid_ensemble_core.joblib
[2026-06-20 21:37:47] [INFO] [api_serving_engine]: Tabular features list successfully verified. Total registered column shape: 174
[2026-06-20 21:37:47] [INFO] [api_serving_engine]: Production frameworks successfully mapped onto hardware target execution device: cpu
[2026-06-20 21:37:47] [INFO] [api_serving_engine]: FastAPI inference operational engine is fully live and online.
[2026-06-20 21:37:56] [INFO] [api_serving_engine]: Initializing system startup sequence. Loading defrosted production assets into RAM memory...
[2026-06-20 21:37:56] [INFO] [utils_infra]: Successfully loaded and verified structure for asset file: hybrid_ensemble_core.joblib
[2026-06-20 21:37:56] [INFO] [api_serving_engine]: Tabular features list successfully verified. Total registered column shape: 174
[2026-06-20 21:37:56] [INFO] [api_serving_engine]: Production frameworks successfully mapped onto hardware target execution device: cpu
[2026-06-20 21:37:56] [INFO] [api_serving_engine]: FastAPI inference operational engine is fully live and online.
[2026-06-20 21:38:37] [INFO] [api_serving_engine]: Initializing system startup sequence. Loading defrosted production assets into RAM memory...
[2026-06-20 21:38:37] [INFO] [utils_infra]: Successfully loaded and verified structure for asset file: hybrid_ensemble_core.joblib
[2026-06-20 21:38:37] [INFO] [api_serving_engine]: Tabular features list successfully verified. Total registered column shape: 174
[2026-06-20 21:38:37] [INFO] [api_serving_engine]: Production frameworks successfully mapped onto hardware target execution device: cpu
[2026-06-20 21:38:37] [INFO] [api_serving_engine]: FastAPI inference operational engine is fully live and online.
[2026-06-20 21:38:45] [INFO] [streamlit_client_app]: User pushed execution evaluation button. Age=65, GCS=12.0
[2026-06-20 21:38:45] [INFO] [api_serving_engine]: Incoming transaction request received. Initializing inference transformation assembly...
[2026-06-20 21:38:45] [INFO] [api_serving_engine]: Risk evaluation calculated successfully: Probability=0.1925 | Status=STABLE / LOW RISK
[2026-06-20 21:38:45] [INFO] [api_serving_engine]: Computing local feature attribution coefficients using TreeSHAP algorithms...
[2026-06-20 21:38:46] [INFO] [api_serving_engine]: Transaction completed cleanly. Execution serving latency: 525.37 ms
[2026-06-20 21:38:46] [INFO] [streamlit_client_app]: API evaluation response received successfully. Blended Probability Output: 0.1925
[2026-06-20 21:38:46] [INFO] [streamlit_client_app]: SHAP attribution metric metrics rendered successfully on dashboard plot layer.
[2026-06-20 21:39:23] [INFO] [streamlit_client_app]: User pushed execution evaluation button. Age=78, GCS=10.0
[2026-06-20 21:39:23] [INFO] [api_serving_engine]: Incoming transaction request received. Initializing inference transformation assembly...
[2026-06-20 21:39:23] [INFO] [api_serving_engine]: Risk evaluation calculated successfully: Probability=0.2193 | Status=STABLE / LOW RISK
[2026-06-20 21:39:23] [INFO] [api_serving_engine]: Computing local feature attribution coefficients using TreeSHAP algorithms...
[2026-06-20 21:39:23] [INFO] [api_serving_engine]: Transaction completed cleanly. Execution serving latency: 471.90 ms
[2026-06-20 21:39:23] [INFO] [streamlit_client_app]: API evaluation response received successfully. Blended Probability Output: 0.2193
[2026-06-20 21:39:23] [INFO] [streamlit_client_app]: SHAP attribution metric metrics rendered successfully on dashboard plot layer.
[2026-06-21 23:14:38] [INFO] [set_b_test_orchestrator]: ==============================================================
[2026-06-21 23:14:38] [INFO] [set_b_test_orchestrator]:        ICU FRAMEWORK: SET B PROSPECTIVE EVALUATION LOOP        
[2026-06-21 23:14:38] [INFO] [set_b_test_orchestrator]: ==============================================================
[2026-06-21 23:14:38] [INFO] [set_b_test_orchestrator]: 📂 Loading deep-frozen production payload snapshot from disk...
[2026-06-21 23:14:38] [ERROR] [utils_infra]: Requested production artifact file is missing from target path structure: D:\ML Project\ICU Project\models\models\hybrid_ensemble_core.joblib
[2026-06-21 23:14:38] [CRITICAL] [set_b_test_orchestrator]: Set B prospective testing iteration failed: Requested clinical operational state template models/hybrid_ensemble_core.joblib cannot be located.
Traceback (most recent call last):
  File "D:\ML Project\ICU Project\src\test_set_b.py", line 36, in process_and_evaluate_set_b
    payload = load_artifact("models/hybrid_ensemble_core.joblib")
  File "D:\ML Project\ICU Project\src\utils.py", line 83, in load_artifact
    raise FileNotFoundError(f"Requested clinical operational state template {filename} cannot be located.")
FileNotFoundError: Requested clinical operational state template models/hybrid_ensemble_core.joblib cannot be located.
[2026-06-21 23:16:45] [INFO] [set_b_test_orchestrator]: ==============================================================
[2026-06-21 23:16:45] [INFO] [set_b_test_orchestrator]:        ICU FRAMEWORK: SET B PROSPECTIVE EVALUATION LOOP        
[2026-06-21 23:16:45] [INFO] [set_b_test_orchestrator]: ==============================================================
[2026-06-21 23:16:45] [INFO] [set_b_test_orchestrator]: 📂 Loading deep-frozen production payload snapshot from disk...
[2026-06-21 23:16:46] [INFO] [utils_infra]: Successfully loaded and verified structure for asset file: hybrid_ensemble_core.joblib
[2026-06-21 23:16:46] [INFO] [set_b_test_orchestrator]: 🔍 Discovered 4000 fresh patient profiles. Parsing records...
[2026-06-21 23:19:32] [INFO] [set_b_test_orchestrator]: Set B Database compilation complete. Observation shape: (1762535, 4)
[2026-06-21 23:19:32] [INFO] [set_b_test_orchestrator]: ⚡ Executing multi-engine temporal feature extractions...
[2026-06-21 23:19:32] [INFO] [feature_engineering]: Initializing multi-phase extraction pipeline on matrix shape: (1762535, 4)
[2026-06-21 23:19:34] [INFO] [feature_engineering]: Aggregating baseline chronological matrices...
[2026-06-21 23:19:34] [INFO] [feature_engineering]: Executing vectorized timeline trajectory comparisons...
[2026-06-21 23:19:34] [INFO] [feature_engineering]: Assembling structured missingness indicator matrix layers...
[2026-06-21 23:19:35] [INFO] [feature_engineering]: Calculating advanced clinical metric indexes...
[2026-06-21 23:19:35] [INFO] [feature_engineering]: return_sequences parameter verified. Compiling 3D temporal arrays...
[2026-06-21 23:20:29] [INFO] [feature_engineering]: Advanced clinical feature construction sequence finalized successfully.
[2026-06-21 23:20:29] [CRITICAL] [set_b_test_orchestrator]: Set B prospective testing iteration failed: "['RecordId'] not in index"
Traceback (most recent call last):
  File "D:\ML Project\ICU Project\src\test_set_b.py", line 76, in process_and_evaluate_set_b
    master_dataset = pd.merge(tabular_features, labels_df[['RecordId', 'In-hospital_death']], on='RecordId', how='inner')
  File "C:\Users\nikhi\.conda\envs\venv\lib\site-packages\pandas\core\frame.py", line 4119, in __getitem__
    indexer = self.columns._get_indexer_strict(key, "columns")[1]
  File "C:\Users\nikhi\.conda\envs\venv\lib\site-packages\pandas\core\indexes\base.py", line 6212, in _get_indexer_strict
    self._raise_if_missing(keyarr, indexer, axis_name)
  File "C:\Users\nikhi\.conda\envs\venv\lib\site-packages\pandas\core\indexes\base.py", line 6264, in _raise_if_missing
    raise KeyError(f"{not_found} not in index")
KeyError: "['RecordId'] not in index"
[2026-06-21 23:26:51] [INFO] [set_b_test_orchestrator]: ==============================================================
[2026-06-21 23:26:51] [INFO] [set_b_test_orchestrator]:        ICU FRAMEWORK: SET B PROSPECTIVE EVALUATION LOOP        
[2026-06-21 23:26:51] [INFO] [set_b_test_orchestrator]: ==============================================================
[2026-06-21 23:26:51] [INFO] [set_b_test_orchestrator]: 📂 Loading deep-frozen production payload from disk memory...
[2026-06-21 23:26:51] [INFO] [utils_infra]: Successfully loaded and verified structure for asset file: hybrid_ensemble_core.joblib
[2026-06-21 23:26:51] [INFO] [data_pipeline]: 🔍 No cache found. Aggregating 4000 text logs for set-b...
[2026-06-21 23:26:56] [INFO] [data_pipeline]: ✨ Successfully frozen compressed database snapshot cache at: D:\ML Project\ICU Project\data\processed\raw_database_cache_set_b.parquet
[2026-06-21 23:26:56] [INFO] [set_b_test_orchestrator]: ⚡ Executing multi-engine temporal feature extractions...
[2026-06-21 23:26:56] [INFO] [feature_engineering]: Initializing multi-phase extraction pipeline on matrix shape: (1762535, 4)
[2026-06-21 23:26:56] [INFO] [feature_engineering]: Computing timeline minute arrays from chronological strings...
[2026-06-21 23:26:56] [CRITICAL] [set_b_test_orchestrator]: Set B prospective testing iteration failed: 'Time'
Traceback (most recent call last):
  File "C:\Users\nikhi\.conda\envs\venv\lib\site-packages\pandas\core\indexes\base.py", line 3812, in get_loc
    return self._engine.get_loc(casted_key)
  File "pandas/_libs/index.pyx", line 167, in pandas._libs.index.IndexEngine.get_loc
  File "pandas/_libs/index.pyx", line 196, in pandas._libs.index.IndexEngine.get_loc
  File "pandas/_libs/hashtable_class_helper.pxi", line 7088, in pandas._libs.hashtable.PyObjectHashTable.get_item
  File "pandas/_libs/hashtable_class_helper.pxi", line 7096, in pandas._libs.hashtable.PyObjectHashTable.get_item
KeyError: 'Time'

The above exception was the direct cause of the following exception:

Traceback (most recent call last):
  File "D:\ML Project\ICU Project\src\test_set_b.py", line 44, in process_and_evaluate_set_b
    feature_package = extract_advanced_clinical_features(raw_db_b, return_sequences=True)
  File "D:\ML Project\ICU Project\src\features.py", line 27, in extract_advanced_clinical_features
    ts_data['minutes'] = ts_data['Time'].apply(
  File "C:\Users\nikhi\.conda\envs\venv\lib\site-packages\pandas\core\frame.py", line 4113, in __getitem__
    indexer = self.columns.get_loc(key)
  File "C:\Users\nikhi\.conda\envs\venv\lib\site-packages\pandas\core\indexes\base.py", line 3819, in get_loc
    raise KeyError(key) from err
KeyError: 'Time'
[2026-06-21 23:33:26] [INFO] [set_b_test_orchestrator]: ==============================================================
[2026-06-21 23:33:26] [INFO] [set_b_test_orchestrator]:        ICU FRAMEWORK: SET B PROSPECTIVE EVALUATION LOOP        
[2026-06-21 23:33:26] [INFO] [set_b_test_orchestrator]: ==============================================================
[2026-06-21 23:33:26] [INFO] [set_b_test_orchestrator]: 📂 Loading deep-frozen operational state dictionary from disk...
[2026-06-21 23:33:27] [INFO] [utils_infra]: Successfully loaded and verified structure for asset file: hybrid_ensemble_core.joblib
[2026-06-21 23:33:27] [INFO] [data_pipeline]: 🔍 No cache found. Aggregating 4000 text logs for set-b...
[2026-06-21 23:33:31] [INFO] [data_pipeline]: ✨ Successfully frozen compressed database snapshot cache at: D:\ML Project\ICU Project\data\processed\raw_database_cache_set_b.parquet
[2026-06-21 23:33:31] [INFO] [set_b_test_orchestrator]: ⚡ Executing multi-engine temporal feature extractions...
[2026-06-21 23:33:31] [INFO] [feature_engineering]: Initializing multi-phase extraction pipeline on matrix shape: (1762535, 4)
[2026-06-21 23:33:32] [INFO] [feature_engineering]: Computing timeline minute arrays from chronological strings...
[2026-06-21 23:33:33] [INFO] [feature_engineering]: Aggregating baseline chronological matrices...
[2026-06-21 23:33:34] [INFO] [feature_engineering]: Executing vectorized timeline trajectory comparisons...
[2026-06-21 23:33:34] [INFO] [feature_engineering]: return_sequences parameter verified. Compiling 3D temporal arrays...
[2026-06-21 23:33:54] [INFO] [feature_engineering]: Advanced clinical feature construction sequence finalized successfully.
[2026-06-21 23:33:55] [INFO] [set_b_test_orchestrator]: Set B matched cohort finalized. Total sample size: 4000 patients.
[2026-06-21 23:33:55] [INFO] [set_b_test_orchestrator]: 🔮 Running inference across ensembled LightGBM decision trees...
[2026-06-21 23:33:55] [INFO] [set_b_test_orchestrator]: 🔮 Running timeline inference through PyTorch LSTM...
[2026-06-21 23:33:56] [INFO] [set_b_test_orchestrator]: ==================================================
[2026-06-21 23:33:56] [INFO] [set_b_test_orchestrator]:          OFFICIAL SET B PROSPECTIVE SCORE CARD     
[2026-06-21 23:33:56] [INFO] [set_b_test_orchestrator]: ==================================================
[2026-06-21 23:33:56] [INFO] [set_b_test_orchestrator]:  Set B Area Under PR Curve (AUPRC):  0.4436
[2026-06-21 23:33:56] [INFO] [set_b_test_orchestrator]:  Set B Area Under ROC Curve (AUROC): 0.8319
[2026-06-21 23:33:56] [INFO] [set_b_test_orchestrator]:  Set B Balanced Event1 Metric Score: 0.4676
[2026-06-21 23:33:56] [INFO] [set_b_test_orchestrator]:  Set B Expected Brier Loss Matrix:   0.1069
[2026-06-21 23:33:56] [INFO] [set_b_test_orchestrator]: ==================================================
[2026-06-21 23:33:56] [INFO] [set_b_test_orchestrator]: ✨ Feature dataset logs and array configurations saved to: D:\ML Project\ICU Project\data\processed
[2026-06-21 23:33:56] [INFO] [set_b_test_orchestrator]: Total processing loop latency: 29.77 seconds.
[2026-06-21 23:39:19] [INFO] [combined_master_train_engine]: ==============================================================
[2026-06-21 23:39:19] [INFO] [combined_master_train_engine]:   ICU MORTALITY SYSTEM: UNIFIED MASTER RETRAINING PIPELINE     
[2026-06-21 23:39:19] [INFO] [combined_master_train_engine]: ==============================================================
[2026-06-21 23:39:19] [INFO] [utils_infra]: Global pseudorandom states locked securely using seed footprint: 42
[2026-06-21 23:39:19] [WARNING] [utils_infra]: Reminder: Estimator-level routines require internal 'random_state' parameter assignment.
[2026-06-21 23:39:19] [INFO] [combined_master_train_engine]: [ETL]: Loading data frames from compressed Parquet caching pools...
[2026-06-21 23:39:19] [INFO] [data_pipeline]: 🔍 No cache found. Aggregating 4000 text logs for set-a...
[2026-06-21 23:41:14] [INFO] [data_pipeline]: ✨ Successfully frozen compressed database snapshot cache at: D:\ML Project\ICU Project\data\processed\raw_database_cache_set_a.parquet
[2026-06-21 23:41:14] [INFO] [data_pipeline]: 💾 Discovered compiled binary cache snapshot for set-b at D:\ML Project\ICU Project\data\processed\raw_database_cache_set_b.parquet. Loading...
[2026-06-21 23:41:15] [INFO] [combined_master_train_engine]: [ETL]: Snapshot A shape: (1757980, 4) | Snapshot B shape: (1762535, 4)
[2026-06-21 23:41:15] [INFO] [combined_master_train_engine]: [ETL]: Stacking finalized. Combined observation record shape: (3520515, 4)
[2026-06-21 23:41:15] [INFO] [combined_master_train_engine]: [FEATURES]: Dispatching data columns to type-safe extraction layer...
[2026-06-21 23:41:15] [INFO] [feature_engineering]: Initializing multi-phase extraction pipeline on matrix shape: (3520515, 4)
[2026-06-21 23:41:17] [INFO] [feature_engineering]: Computing timeline minute arrays from chronological strings...
[2026-06-21 23:41:30] [INFO] [feature_engineering]: Aggregating baseline chronological matrices...
[2026-06-21 23:41:32] [INFO] [feature_engineering]: Executing vectorized timeline trajectory comparisons...
[2026-06-21 23:41:32] [INFO] [feature_engineering]: return_sequences parameter verified. Compiling 3D temporal arrays...
[2026-06-21 23:44:02] [INFO] [feature_engineering]: Advanced clinical feature construction sequence finalized successfully.
[2026-06-21 23:44:02] [INFO] [combined_master_train_engine]: [REGISTRY]: Re-aligning patient identities with clinical ground truth ledgers...
[2026-06-21 23:44:02] [INFO] [combined_master_train_engine]: [REGISTRY]: Master data array dimensions set: (8000, 118) across 8000 patients.
[2026-06-21 23:44:02] [INFO] [combined_master_train_engine]: [SPLIT]: Segregating a 15% pristine, untouched validation holdout cohort...
[2026-06-21 23:44:02] [INFO] [combined_master_train_engine]: [MODELING STEP 1]: Training ensembled LightGBM models across 5 stratified folds...
[2026-06-21 23:44:02] [INFO] [evaluation_engine]: Starting 5-Fold Stratified Validation Loop.
[2026-06-21 23:44:04] [INFO] [evaluation_engine]: Fold 1 -> AUPRC: 0.5350 | Event1: 0.5000
[2026-06-21 23:44:06] [INFO] [evaluation_engine]: Fold 2 -> AUPRC: 0.4829 | Event1: 0.4660
[2026-06-21 23:44:07] [INFO] [evaluation_engine]: Fold 3 -> AUPRC: 0.4428 | Event1: 0.4485
[2026-06-21 23:44:09] [INFO] [evaluation_engine]: Fold 4 -> AUPRC: 0.5271 | Event1: 0.5026
[2026-06-21 23:44:10] [INFO] [evaluation_engine]: Fold 5 -> AUPRC: 0.4880 | Event1: 0.4560
[2026-06-21 23:44:10] [INFO] [evaluation_engine]: --- Cross-Validation Stability Card ---
[2026-06-21 23:44:10] [INFO] [evaluation_engine]:  Fold Variance -> Met: AUROC              | Value: 0.8420 ± 0.0195
[2026-06-21 23:44:10] [INFO] [evaluation_engine]:  Fold Variance -> Met: AUPRC              | Value: 0.4952 ± 0.0333
[2026-06-21 23:44:10] [INFO] [evaluation_engine]:  Fold Variance -> Met: PhysioNet_Event1   | Value: 0.4746 ± 0.0225
[2026-06-21 23:44:10] [INFO] [evaluation_engine]:  Fold Variance -> Met: PhysioNet_Event2   | Value: 33.4597 ± 9.3968
[2026-06-21 23:44:12] [INFO] [combined_master_train_engine]: [MODELING STEP 2]: Training PyTorch Bidirectional LSTM on sequential vitals lines...
[2026-06-21 23:44:12] [INFO] [pytorch_dl_engine]: Initializing PyTorch execution training loops on device target: cpu
[2026-06-21 23:44:12] [INFO] [pytorch_dl_engine]: --- PyTorch LSTM: Training Fold 1 / 5 ---
[2026-06-21 23:50:53] [INFO] [pytorch_dl_engine]: Fold 1 Finalized. Peak Validation AUPRC: 0.4821
[2026-06-21 23:50:54] [INFO] [pytorch_dl_engine]: --- PyTorch LSTM: Training Fold 2 / 5 ---
[2026-06-21 23:56:48] [INFO] [pytorch_dl_engine]: Fold 2 Finalized. Peak Validation AUPRC: 0.3869
[2026-06-21 23:56:49] [INFO] [pytorch_dl_engine]: --- PyTorch LSTM: Training Fold 3 / 5 ---
[2026-06-22 00:01:48] [INFO] [pytorch_dl_engine]: Fold 3 Finalized. Peak Validation AUPRC: 0.3584
[2026-06-22 00:01:49] [INFO] [pytorch_dl_engine]: --- PyTorch LSTM: Training Fold 4 / 5 ---
[2026-06-22 00:08:46] [INFO] [pytorch_dl_engine]: Fold 4 Finalized. Peak Validation AUPRC: 0.4462
[2026-06-22 00:08:47] [INFO] [pytorch_dl_engine]: --- PyTorch LSTM: Training Fold 5 / 5 ---
[2026-06-22 00:12:44] [INFO] [pytorch_dl_engine]: Fold 5 Finalized. Peak Validation AUPRC: 0.4153
[2026-06-22 00:12:44] [INFO] [combined_master_train_engine]: [EVALUATION]: Computing prospective benchmark scores against locked 15% holdout...
[2026-06-22 00:12:45] [INFO] [combined_master_train_engine]: ==================================================
[2026-06-22 00:12:45] [INFO] [combined_master_train_engine]:       UPGRADED MASTER HYBRID MODEL TEST SCORES     
[2026-06-22 00:12:45] [INFO] [combined_master_train_engine]: ==================================================
[2026-06-22 00:12:45] [INFO] [combined_master_train_engine]:  Combined Master Cohort AUPRC:  0.4969
[2026-06-22 00:12:45] [INFO] [combined_master_train_engine]:  Combined Master Cohort AUROC:  0.8493
[2026-06-22 00:12:45] [INFO] [combined_master_train_engine]:  Combined Master Cohort Event1: 0.5000
[2026-06-22 00:12:45] [INFO] [combined_master_train_engine]:  Combined Master Cohort Event2: 0.0920
[2026-06-22 00:12:45] [INFO] [combined_master_train_engine]: ==================================================
[2026-06-22 00:12:45] [INFO] [combined_master_train_engine]: [SERIALIZATION]: Archiving production artifacts inside a compressed single file template...
[2026-06-22 00:12:45] [INFO] [utils_infra]: Successfully serialized production asset artifact to disk destination: D:\ML Project\ICU Project\models\hybrid_ensemble_core.joblib
[2026-06-22 00:12:45] [INFO] [combined_master_train_engine]: ✨ Master training sequence completed perfectly. Elapsed Runtime: 0:33:26.161911
[2026-06-22 00:19:31] [INFO] [api_serving_engine]: Initializing system startup sequence. Ingesting combined master model framework...
[2026-06-22 00:19:32] [INFO] [utils_infra]: Successfully loaded and verified structure for asset file: hybrid_ensemble_core.joblib
[2026-06-22 00:19:32] [INFO] [api_serving_engine]: [BOOT]: Unified tabular checklist verified. Total predictive dimensions: 10
[2026-06-22 00:19:32] [INFO] [api_serving_engine]: [BOOT]: PyTorch sequential matrix skeleton mapped onto hardware device: cpu
[2026-06-22 00:19:32] [INFO] [api_serving_engine]: ================== API SERVICE ONLINE ==================
[2026-06-22 00:22:25] [INFO] [streamlit_client_app]: Transaction triggered. Inputs payload size generated: 10 attributes.
[2026-06-22 00:22:25] [INFO] [api_serving_engine]: Incoming transaction request received. Re-aligning pydantic data contract features...
[2026-06-22 00:22:25] [ERROR] [api_serving_engine]: Runtime failure tracking out inference processing blocks: X has 12 features, but LGBMClassifier is expecting 118 features as input.
Traceback (most recent call last):
  File "D:\ML Project\ICU Project\api\main.py", line 120, in execute_hybrid_clinical_inference
    lgbm_prob = np.mean([model.predict_proba(X_patient.values)[:, 1] for model in lgbm_ensemble], axis=0)[0]
  File "D:\ML Project\ICU Project\api\main.py", line 120, in <listcomp>
    lgbm_prob = np.mean([model.predict_proba(X_patient.values)[:, 1] for model in lgbm_ensemble], axis=0)[0]
  File "C:\Users\nikhi\.conda\envs\venv\lib\site-packages\sklearn\calibration.py", line 495, in predict_proba
    proba = calibrated_classifier.predict_proba(X)
  File "C:\Users\nikhi\.conda\envs\venv\lib\site-packages\sklearn\calibration.py", line 725, in predict_proba
    predictions, _ = _get_response_values(
  File "C:\Users\nikhi\.conda\envs\venv\lib\site-packages\sklearn\utils\_response.py", line 211, in _get_response_values
    y_pred = prediction_method(X)
  File "C:\Users\nikhi\.conda\envs\venv\lib\site-packages\lightgbm\sklearn.py", line 1627, in predict_proba
    result = super().predict(
  File "C:\Users\nikhi\.conda\envs\venv\lib\site-packages\lightgbm\sklearn.py", line 1108, in predict
    X = _LGBMValidateData(
  File "C:\Users\nikhi\.conda\envs\venv\lib\site-packages\lightgbm\compat.py", line 91, in validate_data
    raise ValueError(
ValueError: X has 12 features, but LGBMClassifier is expecting 118 features as input.
[2026-06-22 00:22:30] [INFO] [streamlit_client_app]: Transaction triggered. Inputs payload size generated: 10 attributes.
[2026-06-22 00:22:30] [INFO] [api_serving_engine]: Incoming transaction request received. Re-aligning pydantic data contract features...
[2026-06-22 00:22:30] [ERROR] [api_serving_engine]: Runtime failure tracking out inference processing blocks: X has 12 features, but LGBMClassifier is expecting 118 features as input.
Traceback (most recent call last):
  File "D:\ML Project\ICU Project\api\main.py", line 120, in execute_hybrid_clinical_inference
    lgbm_prob = np.mean([model.predict_proba(X_patient.values)[:, 1] for model in lgbm_ensemble], axis=0)[0]
  File "D:\ML Project\ICU Project\api\main.py", line 120, in <listcomp>
    lgbm_prob = np.mean([model.predict_proba(X_patient.values)[:, 1] for model in lgbm_ensemble], axis=0)[0]
  File "C:\Users\nikhi\.conda\envs\venv\lib\site-packages\sklearn\calibration.py", line 495, in predict_proba
    proba = calibrated_classifier.predict_proba(X)
  File "C:\Users\nikhi\.conda\envs\venv\lib\site-packages\sklearn\calibration.py", line 725, in predict_proba
    predictions, _ = _get_response_values(
  File "C:\Users\nikhi\.conda\envs\venv\lib\site-packages\sklearn\utils\_response.py", line 211, in _get_response_values
    y_pred = prediction_method(X)
  File "C:\Users\nikhi\.conda\envs\venv\lib\site-packages\lightgbm\sklearn.py", line 1627, in predict_proba
    result = super().predict(
  File "C:\Users\nikhi\.conda\envs\venv\lib\site-packages\lightgbm\sklearn.py", line 1108, in predict
    X = _LGBMValidateData(
  File "C:\Users\nikhi\.conda\envs\venv\lib\site-packages\lightgbm\compat.py", line 91, in validate_data
    raise ValueError(
ValueError: X has 12 features, but LGBMClassifier is expecting 118 features as input.
[2026-06-22 00:23:31] [INFO] [api_serving_engine]: Initializing system startup sequence. Ingesting combined master model framework...
[2026-06-22 00:23:31] [INFO] [utils_infra]: Successfully loaded and verified structure for asset file: hybrid_ensemble_core.joblib
[2026-06-22 00:23:31] [INFO] [api_serving_engine]: [BOOT]: Unified tabular checklist verified. Total predictive dimensions: 118
[2026-06-22 00:23:31] [INFO] [api_serving_engine]: [BOOT]: PyTorch sequential matrix skeleton mapped onto hardware device: cpu
[2026-06-22 00:23:31] [INFO] [api_serving_engine]: ================== API SERVICE ONLINE ==================
[2026-06-22 00:26:29] [INFO] [streamlit_client_app]: Transaction triggered. Inputs payload size generated: 10 attributes.
[2026-06-22 00:26:29] [INFO] [api_serving_engine]: Incoming transaction request received. Re-aligning pydantic data contract features...
[2026-06-22 00:26:29] [INFO] [api_serving_engine]: Risk evaluation finalized: Probability=0.1529 | Status=STABLE / LOW RISK
[2026-06-22 00:26:29] [INFO] [api_serving_engine]: Transaction compiled cleanly. Server internal latency: 434.81 ms
[2026-06-22 00:29:23] [INFO] [api_serving_engine]: Initializing system startup sequence. Ingesting combined master model framework...
[2026-06-22 00:29:23] [INFO] [utils_infra]: Successfully loaded and verified structure for asset file: hybrid_ensemble_core.joblib
[2026-06-22 00:29:23] [INFO] [api_serving_engine]: [BOOT]: Unified tabular checklist verified. Total predictive dimensions: 118
[2026-06-22 00:29:23] [INFO] [api_serving_engine]: [BOOT]: PyTorch sequential matrix skeleton mapped onto hardware device: cpu
[2026-06-22 00:29:23] [INFO] [api_serving_engine]: ================== API SERVICE ONLINE ==================
[2026-06-22 00:29:34] [INFO] [streamlit_client_app]: Transaction triggered. Inputs payload size generated: 4 attributes.
[2026-06-22 00:29:34] [INFO] [api_serving_engine]: Incoming transaction request received. Re-aligning pydantic data contract features...
[2026-06-22 00:29:34] [INFO] [api_serving_engine]: Risk evaluation finalized: Probability=0.0389 | Status=STABLE / LOW RISK
[2026-06-22 00:29:35] [INFO] [api_serving_engine]: Transaction compiled cleanly. Server internal latency: 599.27 ms
[2026-06-22 00:31:45] [INFO] [streamlit_client_app]: Transaction triggered. Inputs payload size generated: 4 attributes.
[2026-06-22 00:31:46] [INFO] [api_serving_engine]: Initializing system startup sequence. Ingesting combined master model framework...
[2026-06-22 00:31:46] [INFO] [utils_infra]: Successfully loaded and verified structure for asset file: hybrid_ensemble_core.joblib
[2026-06-22 00:31:46] [INFO] [api_serving_engine]: [BOOT]: Unified tabular checklist verified. Total predictive dimensions: 118
[2026-06-22 00:31:46] [INFO] [api_serving_engine]: [BOOT]: PyTorch sequential matrix skeleton mapped onto hardware device: cpu
[2026-06-22 00:31:46] [INFO] [api_serving_engine]: ================== API SERVICE ONLINE ==================
[2026-06-22 00:31:46] [INFO] [api_serving_engine]: Incoming transaction request received. Re-aligning pydantic data contract features...
[2026-06-22 00:31:46] [INFO] [api_serving_engine]: Risk evaluation finalized: Probability=0.0389 | Status=STABLE / LOW RISK
[2026-06-22 00:31:46] [INFO] [api_serving_engine]: Transaction compiled cleanly. Server internal latency: 646.60 ms
[2026-06-22 00:32:30] [INFO] [streamlit_client_app]: Transaction triggered. Inputs payload size generated: 6 attributes.
[2026-06-22 00:32:30] [INFO] [api_serving_engine]: Incoming transaction request received. Re-aligning pydantic data contract features...
[2026-06-22 00:32:30] [INFO] [api_serving_engine]: Risk evaluation finalized: Probability=0.0389 | Status=STABLE / LOW RISK
[2026-06-22 00:32:30] [INFO] [api_serving_engine]: Transaction compiled cleanly. Server internal latency: 639.65 ms
[2026-06-22 00:34:36] [INFO] [utils_infra]: Successfully loaded and verified structure for asset file: hybrid_ensemble_core.joblib
[2026-06-22 00:34:36] [INFO] [api_serving_engine]: [BOOT]: Aligned feature space schema verified. Expected columns: 118
[2026-06-22 00:34:48] [INFO] [utils_infra]: Successfully loaded and verified structure for asset file: hybrid_ensemble_core.joblib
[2026-06-22 00:34:48] [INFO] [api_serving_engine]: [BOOT]: Aligned feature space schema verified. Expected columns: 118
[2026-06-22 00:34:59] [INFO] [utils_infra]: Successfully loaded and verified structure for asset file: hybrid_ensemble_core.joblib
[2026-06-22 00:34:59] [INFO] [api_serving_engine]: [BOOT]: Aligned feature space schema verified. Expected columns: 118
[2026-06-22 00:36:52] [INFO] [utils_infra]: Successfully loaded and verified structure for asset file: hybrid_ensemble_core.joblib
[2026-06-22 00:36:52] [INFO] [api_serving_engine]: [BOOT]: Aligned feature space schema verified. Expected columns: 118
[2026-06-22 00:38:12] [INFO] [utils_infra]: Successfully loaded and verified structure for asset file: hybrid_ensemble_core.joblib
[2026-06-22 00:38:12] [INFO] [api_serving_engine]: [BOOT]: Aligned feature space schema verified. Expected columns: 118
[2026-06-22 00:38:24] [INFO] [utils_infra]: Successfully loaded and verified structure for asset file: hybrid_ensemble_core.joblib
[2026-06-22 00:38:24] [INFO] [api_serving_engine]: [BOOT]: Aligned feature space schema verified. Expected columns: 118
[2026-06-22 00:39:22] [INFO] [utils_infra]: Successfully loaded and verified structure for asset file: hybrid_ensemble_core.joblib
[2026-06-22 00:39:22] [INFO] [api_serving_engine]: [BOOT]: Aligned feature space schema verified. Expected columns: 118
[2026-06-22 00:41:57] [INFO] [utils_infra]: Successfully loaded and verified structure for asset file: hybrid_ensemble_core.joblib
[2026-06-22 00:41:57] [INFO] [api_serving_engine]: [BOOT]: Aligned feature space schema verified. Expected columns: 118
[2026-06-22 00:43:33] [INFO] [combined_master_train_engine]: ==============================================================
[2026-06-22 00:43:33] [INFO] [combined_master_train_engine]:   ICU MORTALITY SYSTEM: UNIFIED MASTER RETRAINING PIPELINE     
[2026-06-22 00:43:33] [INFO] [combined_master_train_engine]: ==============================================================
[2026-06-22 00:43:33] [INFO] [utils_infra]: Global pseudorandom states locked securely using seed footprint: 42
[2026-06-22 00:43:33] [WARNING] [utils_infra]: Reminder: Estimator-level routines require internal 'random_state' parameter assignment.
[2026-06-22 00:43:33] [INFO] [combined_master_train_engine]: [ETL]: Loading data frames from compressed Parquet caching pools...
[2026-06-22 00:43:33] [INFO] [data_pipeline]: 🔍 No cache found. Aggregating 4000 text logs for set-a...
[2026-06-22 00:43:44] [INFO] [data_pipeline]: ✨ Successfully frozen compressed database snapshot cache at: D:\ML Project\ICU Project\data\processed\raw_database_cache_set_a.parquet
[2026-06-22 00:43:44] [INFO] [data_pipeline]: 🔍 No cache found. Aggregating 4000 text logs for set-b...
[2026-06-22 00:43:56] [INFO] [data_pipeline]: ✨ Successfully frozen compressed database snapshot cache at: D:\ML Project\ICU Project\data\processed\raw_database_cache_set_b.parquet
[2026-06-22 00:43:56] [INFO] [combined_master_train_engine]: [ETL]: Snapshot A shape: (1757980, 4) | Snapshot B shape: (1762535, 4)
[2026-06-22 00:43:56] [INFO] [combined_master_train_engine]: [ETL]: Stacking finalized. Combined observation record shape: (3520515, 4)
[2026-06-22 00:43:56] [INFO] [combined_master_train_engine]: [FEATURES]: Dispatching data columns to type-safe extraction layer...
[2026-06-22 00:43:56] [INFO] [feature_engineering]: Initializing multi-phase extraction pipeline on matrix shape: (3520515, 4)
[2026-06-22 01:22:53] [INFO] [combined_master_train_engine]: ==============================================================
[2026-06-22 01:22:53] [INFO] [combined_master_train_engine]:   ICU MORTALITY SYSTEM: UNIFIED MASTER RETRAINING PIPELINE     
[2026-06-22 01:22:53] [INFO] [combined_master_train_engine]: ==============================================================
[2026-06-22 01:22:53] [INFO] [utils_infra]: Global pseudorandom states locked securely using seed footprint: 42
[2026-06-22 01:22:53] [WARNING] [utils_infra]: Reminder: Estimator-level routines require internal 'random_state' parameter assignment.
[2026-06-22 01:22:53] [INFO] [combined_master_train_engine]: [ETL]: Ingesting raw databases from compressed Parquet caching pools...
[2026-06-22 01:22:53] [INFO] [data_pipeline]: 🔍 No cache found. Aggregating 4000 text logs for set-a...
[2026-06-22 01:22:57] [INFO] [data_pipeline]: ✨ Successfully frozen compressed database snapshot cache at: D:\ML Project\ICU Project\data\processed\raw_database_cache_set_a.parquet
[2026-06-22 01:22:57] [INFO] [data_pipeline]: 🔍 No cache found. Aggregating 4000 text logs for set-b...
[2026-06-22 01:23:01] [INFO] [data_pipeline]: ✨ Successfully frozen compressed database snapshot cache at: D:\ML Project\ICU Project\data\processed\raw_database_cache_set_b.parquet
[2026-06-22 01:23:01] [INFO] [combined_master_train_engine]: [FEATURES]: Extracting structural profiles from Set A pools...
[2026-06-22 01:23:01] [INFO] [feature_engineering]: Initializing multi-phase extraction pipeline on matrix shape: (1757980, 4)
[2026-06-22 01:23:12] [INFO] [combined_master_train_engine]: [FEATURES]: Extracting structural profiles from Set B pools...
[2026-06-22 01:23:12] [INFO] [feature_engineering]: Initializing multi-phase extraction pipeline on matrix shape: (1762535, 4)
[2026-06-22 01:23:24] [INFO] [combined_master_train_engine]: [REGISTRY]: Mapping independent outcome survival labels...
[2026-06-22 01:23:24] [INFO] [data_pipeline]: Label alignment complete for set-a. Matched records cohort count: 4000
[2026-06-22 01:23:24] [INFO] [data_pipeline]: Label alignment complete for set-b. Matched records cohort count: 4000
[2026-06-22 01:23:24] [INFO] [combined_master_train_engine]: [REGISTRY]: Index matching validated. Wide matrix dimension: (8000, 118) across 8000 patients.
[2026-06-22 01:23:24] [CRITICAL] [combined_master_train_engine]: Unified master training pipeline execution stalled: module 'config' has no attribute 'TEST_SIZE_PROPORTION'
Traceback (most recent call last):
  File "D:\ML Project\ICU Project\src\train_combined.py", line 73, in execute_combined_master_training
    indices, y_master, test_size=config.TEST_SIZE_PROPORTION, stratify=y_master, random_state=config.SEED
AttributeError: module 'config' has no attribute 'TEST_SIZE_PROPORTION'
[2026-06-22 01:25:37] [INFO] [combined_master_train_engine]: ==============================================================
[2026-06-22 01:25:37] [INFO] [combined_master_train_engine]:   ICU MORTALITY SYSTEM: UNIFIED MASTER RETRAINING PIPELINE     
[2026-06-22 01:25:37] [INFO] [combined_master_train_engine]: ==============================================================
[2026-06-22 01:25:37] [INFO] [utils_infra]: Global pseudorandom states locked securely using seed footprint: 42
[2026-06-22 01:25:37] [WARNING] [utils_infra]: Reminder: Estimator-level routines require internal 'random_state' parameter assignment.
[2026-06-22 01:25:37] [INFO] [combined_master_train_engine]: [ETL]: Ingesting raw databases from compressed Parquet caching pools...
[2026-06-22 01:25:37] [INFO] [data_pipeline]: 💾 Discovered compiled binary cache snapshot for set-a at D:\ML Project\ICU Project\data\processed\raw_database_cache_set_a.parquet. Loading...
[2026-06-22 01:25:37] [INFO] [data_pipeline]: 💾 Discovered compiled binary cache snapshot for set-b at D:\ML Project\ICU Project\data\processed\raw_database_cache_set_b.parquet. Loading...
[2026-06-22 01:25:37] [INFO] [combined_master_train_engine]: [FEATURES]: Extracting structural profiles from Set A pools...
[2026-06-22 01:25:37] [INFO] [feature_engineering]: Initializing multi-phase extraction pipeline on matrix shape: (1757980, 4)
[2026-06-22 01:25:48] [INFO] [combined_master_train_engine]: [FEATURES]: Extracting structural profiles from Set B pools...
[2026-06-22 01:25:48] [INFO] [feature_engineering]: Initializing multi-phase extraction pipeline on matrix shape: (1762535, 4)
[2026-06-22 01:25:59] [INFO] [combined_master_train_engine]: [REGISTRY]: Mapping independent outcome survival labels...
[2026-06-22 01:25:59] [INFO] [data_pipeline]: Label alignment complete for set-a. Matched records cohort count: 4000
[2026-06-22 01:25:59] [INFO] [data_pipeline]: Label alignment complete for set-b. Matched records cohort count: 4000
[2026-06-22 01:25:59] [INFO] [combined_master_train_engine]: [REGISTRY]: Index matching validated. Wide matrix dimension: (8000, 118) across 8000 patients.
[2026-06-22 01:25:59] [INFO] [combined_master_train_engine]: [MODELING STEP 1]: Fit 5-Fold Stratified LightGBM Estimators...
[2026-06-22 01:25:59] [INFO] [evaluation_engine]: Starting 5-Fold Stratified Validation Loop.
[2026-06-22 01:25:59] [INFO] [evaluation_engine]: Fold 1 -> AUPRC: 0.5350 | Event1: 0.5000
[2026-06-22 01:26:00] [INFO] [evaluation_engine]: Fold 2 -> AUPRC: 0.4829 | Event1: 0.4660
[2026-06-22 01:26:00] [INFO] [evaluation_engine]: Fold 3 -> AUPRC: 0.4428 | Event1: 0.4485
[2026-06-22 01:26:00] [INFO] [evaluation_engine]: Fold 4 -> AUPRC: 0.5271 | Event1: 0.5026
[2026-06-22 01:26:01] [INFO] [evaluation_engine]: Fold 5 -> AUPRC: 0.4880 | Event1: 0.4560
[2026-06-22 01:26:01] [INFO] [evaluation_engine]: --- Cross-Validation Stability Card ---
[2026-06-22 01:26:01] [INFO] [evaluation_engine]:  Fold Variance -> Met: AUROC              | Value: 0.8420 ± 0.0195
[2026-06-22 01:26:01] [INFO] [evaluation_engine]:  Fold Variance -> Met: AUPRC              | Value: 0.4952 ± 0.0333
[2026-06-22 01:26:01] [INFO] [evaluation_engine]:  Fold Variance -> Met: PhysioNet_Event1   | Value: 0.4746 ± 0.0225
[2026-06-22 01:26:01] [INFO] [evaluation_engine]:  Fold Variance -> Met: PhysioNet_Event2   | Value: 33.4597 ± 9.3968
[2026-06-22 01:26:02] [INFO] [combined_master_train_engine]: [MODELING STEP 2]: Training PyTorch Bidirectional LSTM on balanced cohorts...
[2026-06-22 01:26:02] [INFO] [pytorch_dl_engine]: Initializing PyTorch execution training loops on device target: cpu
[2026-06-22 01:26:02] [INFO] [pytorch_dl_engine]: --- PyTorch LSTM: Training Fold 1 / 5 ---
[2026-06-22 01:28:46] [INFO] [pytorch_dl_engine]: Fold 1 Finalized. Peak Validation AUPRC: 0.4682
[2026-06-22 01:28:47] [INFO] [pytorch_dl_engine]: --- PyTorch LSTM: Training Fold 2 / 5 ---
[2026-06-22 01:32:53] [INFO] [pytorch_dl_engine]: Fold 2 Finalized. Peak Validation AUPRC: 0.3858
[2026-06-22 01:32:54] [INFO] [pytorch_dl_engine]: --- PyTorch LSTM: Training Fold 3 / 5 ---
[2026-06-22 01:34:01] [INFO] [pytorch_dl_engine]: Fold 3 Finalized. Peak Validation AUPRC: 0.3498
[2026-06-22 01:34:01] [INFO] [pytorch_dl_engine]: --- PyTorch LSTM: Training Fold 4 / 5 ---
[2026-06-22 01:37:19] [INFO] [pytorch_dl_engine]: Fold 4 Finalized. Peak Validation AUPRC: 0.4383
[2026-06-22 01:37:19] [INFO] [pytorch_dl_engine]: --- PyTorch LSTM: Training Fold 5 / 5 ---
[2026-06-22 01:40:06] [INFO] [pytorch_dl_engine]: Fold 5 Finalized. Peak Validation AUPRC: 0.4085
[2026-06-22 01:40:06] [INFO] [combined_master_train_engine]: [EVALUATION]: Testing ensembled weights over the locked 15% validation holdout...
[2026-06-22 01:40:06] [INFO] [combined_master_train_engine]: ==================================================
[2026-06-22 01:40:06] [INFO] [combined_master_train_engine]:       UPGRADED MASTER HYBRID MODEL TEST SCORES     
[2026-06-22 01:40:06] [INFO] [combined_master_train_engine]: ==================================================
[2026-06-22 01:40:06] [INFO] [combined_master_train_engine]:  Combined Master Cohort AUROC:        0.8508
[2026-06-22 01:40:06] [INFO] [combined_master_train_engine]:  Combined Master Cohort AUPRC:        0.4932
[2026-06-22 01:40:06] [INFO] [combined_master_train_engine]:  Combined Master Cohort Event1:       0.5119
[2026-06-22 01:40:06] [INFO] [combined_master_train_engine]:  Combined Master Cohort Brier Loss:   0.0920
[2026-06-22 01:40:06] [INFO] [combined_master_train_engine]: ==================================================
[2026-06-22 01:40:06] [INFO] [combined_master_train_engine]: [SERIALIZATION]: Packing optimized model dependencies to single compressed Joblib payload...
[2026-06-22 01:40:06] [INFO] [utils_infra]: Successfully serialized production asset artifact to disk destination: D:\ML Project\ICU Project\models\hybrid_ensemble_core.joblib
[2026-06-22 01:40:06] [INFO] [combined_master_train_engine]: ✨ Master training sequence completed perfectly. Elapsed Runtime: 0:14:29.961033
